<?xml version="1.0" encoding="UTF-8"?>
<testsuite xmlns:xsi="http://www.w3.org/2001/XMLSchema-instance" xsi:noNamespaceSchemaLocation="https://maven.apache.org/surefire/maven-surefire-plugin/xsd/surefire-test-report-3.0.xsd" version="3.0" name="com.progresssoft.StudentTest" time="0.029" tests="12" errors="0" skipped="0" failures="0">
  <properties>
[...]
</properties>
  <testcase name="testStudentWithGradeAbove100" classname="com.progresssoft.StudentTest" time="0.002"/>
  <testcase name="testSetNameNull" classname="com.progresssoft.StudentTest" time="0"/>
  <testcase name="testToString" classname="com.progresssoft.StudentTest" time="0"/>
  <testcase name="testSetAndGetName" classname="com.progresssoft.StudentTest" time="0"/>
  <testcase name="testStudentWithNullName" classname="com.progresssoft.StudentTest" time="0"/>
  <testcase name="testSetNameEmpty" classname="com.progresssoft.StudentTest" time="0"/>
  <testcase name="testSetAndGetGrade" classname="com.progresssoft.StudentTest" time="0"/>
  <testcase name="testSetGradeNegative" classname="com.progresssoft.StudentTest" time="0"/>
  <testcase name="testSetGradeAbove100" classname="com.progresssoft.StudentTest" time="0"/>
  <testcase name="testStudentWithEmptyName" classname="com.progresssoft.StudentTest" time="0"/>
  <testcase name="testValidStudentCreation" classname="com.progresssoft.StudentTest" time="0"/>
  <testcase name="testStudentWithNegativeGrade" classname="com.progresssoft.StudentTest" time="0"/>
</testsuite>